                                      1 ;--------------------------------------------------------
                                      2 ; File Created by SDCC : free open source ISO C Compiler 
                                      3 ; Version 4.4.0 #14620 (Linux)
                                      4 ;--------------------------------------------------------
                                      5 	.module grav
                                      6 	.optsdcc -mstm8
                                      7 	
                                      8 ;--------------------------------------------------------
                                      9 ; Public variables in this module
                                     10 ;--------------------------------------------------------
                                     11 	.globl _main
                                     12 	.globl _write_reg
                                     13 	.globl _read_reg
                                     14 	.globl _spi_xfer
                                     15 	.globl _delay
                                     16 ;--------------------------------------------------------
                                     17 ; ram data
                                     18 ;--------------------------------------------------------
                                     19 	.area DATA
                                     20 ;--------------------------------------------------------
                                     21 ; ram data
                                     22 ;--------------------------------------------------------
                                     23 	.area INITIALIZED
                                     24 ;--------------------------------------------------------
                                     25 ; Stack segment in internal ram
                                     26 ;--------------------------------------------------------
                                     27 	.area SSEG
      000000                         28 __start__stack:
      000000                         29 	.ds	1
                                     30 
                                     31 ;--------------------------------------------------------
                                     32 ; absolute external ram data
                                     33 ;--------------------------------------------------------
                                     34 	.area DABS (ABS)
                                     35 
                                     36 ; default segment ordering for linker
                                     37 	.area HOME
                                     38 	.area GSINIT
                                     39 	.area GSFINAL
                                     40 	.area CONST
                                     41 	.area INITIALIZER
                                     42 	.area CODE
                                     43 
                                     44 ;--------------------------------------------------------
                                     45 ; interrupt vector
                                     46 ;--------------------------------------------------------
                                     47 	.area HOME
      000000                         48 __interrupt_vect:
      000000 82v00u00u00             49 	int s_GSINIT ; reset
                                     50 ;--------------------------------------------------------
                                     51 ; global & static initialisations
                                     52 ;--------------------------------------------------------
                                     53 	.area HOME
                                     54 	.area GSINIT
                                     55 	.area GSFINAL
                                     56 	.area GSINIT
      000000 CDr00r00         [ 4]   57 	call	___sdcc_external_startup
      000003 4D               [ 1]   58 	tnz	a
      000004 27 03            [ 1]   59 	jreq	__sdcc_init_data
      000006 CCr00r04         [ 2]   60 	jp	__sdcc_program_startup
      000009                         61 __sdcc_init_data:
                                     62 ; stm8_genXINIT() start
      000009 AEr00r00         [ 2]   63 	ldw x, #l_DATA
      00000C 27 07            [ 1]   64 	jreq	00002$
      00000E                         65 00001$:
      00000E 72 4FuFFuFF      [ 1]   66 	clr (s_DATA - 1, x)
      000012 5A               [ 2]   67 	decw x
      000013 26 F9            [ 1]   68 	jrne	00001$
      000015                         69 00002$:
      000015 AEr00r00         [ 2]   70 	ldw	x, #l_INITIALIZER
      000018 27 09            [ 1]   71 	jreq	00004$
      00001A                         72 00003$:
      00001A D6uFFuFF         [ 1]   73 	ld	a, (s_INITIALIZER - 1, x)
      00001D D7uFFuFF         [ 1]   74 	ld	(s_INITIALIZED - 1, x), a
      000020 5A               [ 2]   75 	decw	x
      000021 26 F7            [ 1]   76 	jrne	00003$
      000023                         77 00004$:
                                     78 ; stm8_genXINIT() end
                                     79 	.area GSFINAL
      000000 CCr00r04         [ 2]   80 	jp	__sdcc_program_startup
                                     81 ;--------------------------------------------------------
                                     82 ; Home
                                     83 ;--------------------------------------------------------
                                     84 	.area HOME
                                     85 	.area HOME
      000004                         86 __sdcc_program_startup:
      000004 CCr00r70         [ 2]   87 	jp	_main
                                     88 ;	return from main will return to caller
                                     89 ;--------------------------------------------------------
                                     90 ; code
                                     91 ;--------------------------------------------------------
                                     92 	.area CODE
                                     93 ;	grav.c: 23: void delay(uint32_t n) {
                                     94 ;	-----------------------------------------
                                     95 ;	 function delay
                                     96 ;	-----------------------------------------
      000000                         97 _delay:
      000000 52 08            [ 2]   98 	sub	sp, #8
                                     99 ;	grav.c: 24: while (n--) { __asm__("nop"); }
      000002 16 0D            [ 2]  100 	ldw	y, (0x0d, sp)
      000004 17 07            [ 2]  101 	ldw	(0x07, sp), y
      000006 1E 0B            [ 2]  102 	ldw	x, (0x0b, sp)
      000008                        103 00101$:
      000008 1F 01            [ 2]  104 	ldw	(0x01, sp), x
      00000A 7B 07            [ 1]  105 	ld	a, (0x07, sp)
      00000C 6B 03            [ 1]  106 	ld	(0x03, sp), a
      00000E 7B 08            [ 1]  107 	ld	a, (0x08, sp)
      000010 16 07            [ 2]  108 	ldw	y, (0x07, sp)
      000012 72 A2 00 01      [ 2]  109 	subw	y, #0x0001
      000016 17 07            [ 2]  110 	ldw	(0x07, sp), y
      000018 24 01            [ 1]  111 	jrnc	00121$
      00001A 5A               [ 2]  112 	decw	x
      00001B                        113 00121$:
      00001B 4D               [ 1]  114 	tnz	a
      00001C 26 08            [ 1]  115 	jrne	00122$
      00001E 16 02            [ 2]  116 	ldw	y, (0x02, sp)
      000020 26 04            [ 1]  117 	jrne	00122$
      000022 0D 01            [ 1]  118 	tnz	(0x01, sp)
      000024 27 03            [ 1]  119 	jreq	00104$
      000026                        120 00122$:
      000026 9D               [ 1]  121 	nop
      000027 20 DF            [ 2]  122 	jra	00101$
      000029                        123 00104$:
                                    124 ;	grav.c: 25: }
      000029 1E 09            [ 2]  125 	ldw	x, (9, sp)
      00002B 5B 0E            [ 2]  126 	addw	sp, #14
      00002D FC               [ 2]  127 	jp	(x)
                                    128 ;	grav.c: 27: uint8_t spi_xfer(uint8_t data) {
                                    129 ;	-----------------------------------------
                                    130 ;	 function spi_xfer
                                    131 ;	-----------------------------------------
      00002E                        132 _spi_xfer:
                                    133 ;	grav.c: 28: SPI1_DR = data;
      00002E C7 52 04         [ 1]  134 	ld	0x5204, a
                                    135 ;	grav.c: 29: while (!(SPI1_SR & 0x02)); // Wait for TXE (Transmit buffer empty)
      000031                        136 00101$:
      000031 72 03 52 03 FB   [ 2]  137 	btjf	0x5203, #1, 00101$
                                    138 ;	grav.c: 30: while (!(SPI1_SR & 0x01)); // Wait for RXNE (Receive buffer not empty)
      000036                        139 00104$:
      000036 72 01 52 03 FB   [ 2]  140 	btjf	0x5203, #0, 00104$
                                    141 ;	grav.c: 31: return SPI1_DR;
      00003B C6 52 04         [ 1]  142 	ld	a, 0x5204
                                    143 ;	grav.c: 32: }
      00003E 81               [ 4]  144 	ret
                                    145 ;	grav.c: 34: uint8_t read_reg(uint8_t reg) {
                                    146 ;	-----------------------------------------
                                    147 ;	 function read_reg
                                    148 ;	-----------------------------------------
      00003F                        149 _read_reg:
      00003F 97               [ 1]  150 	ld	xl, a
                                    151 ;	grav.c: 36: PB_ODR &= ~(1 << 4);        // CS LOW
      000040 72 19 50 05      [ 1]  152 	bres	0x5005, #4
                                    153 ;	grav.c: 37: spi_xfer(reg | 0x80);       // Bit 7 is 1 for Read
      000044 9F               [ 1]  154 	ld	a, xl
      000045 AA 80            [ 1]  155 	or	a, #0x80
      000047 CDr00r2E         [ 4]  156 	call	_spi_xfer
                                    157 ;	grav.c: 38: val = spi_xfer(0x00);       // Dummy byte to get data
      00004A 4F               [ 1]  158 	clr	a
      00004B CDr00r2E         [ 4]  159 	call	_spi_xfer
      00004E 97               [ 1]  160 	ld	xl, a
                                    161 ;	grav.c: 39: PB_ODR |= (1 << 4);         // CS HIGH
      00004F 72 18 50 05      [ 1]  162 	bset	0x5005, #4
                                    163 ;	grav.c: 40: return val;
      000053 9F               [ 1]  164 	ld	a, xl
                                    165 ;	grav.c: 41: }
      000054 81               [ 4]  166 	ret
                                    167 ;	grav.c: 43: void write_reg(uint8_t reg, uint8_t val) {
                                    168 ;	-----------------------------------------
                                    169 ;	 function write_reg
                                    170 ;	-----------------------------------------
      000055                        171 _write_reg:
      000055 97               [ 1]  172 	ld	xl, a
                                    173 ;	grav.c: 44: PB_ODR &= ~(1 << 4);        // CS LOW
      000056 72 19 50 05      [ 1]  174 	bres	0x5005, #4
                                    175 ;	grav.c: 45: spi_xfer(reg & 0x7F);       // Bit 7 is 0 for Write
      00005A 9F               [ 1]  176 	ld	a, xl
      00005B A4 7F            [ 1]  177 	and	a, #0x7f
      00005D CDr00r2E         [ 4]  178 	call	_spi_xfer
                                    179 ;	grav.c: 46: spi_xfer(val);
      000060 7B 03            [ 1]  180 	ld	a, (0x03, sp)
      000062 CDr00r2E         [ 4]  181 	call	_spi_xfer
                                    182 ;	grav.c: 47: PB_ODR |= (1 << 4);         // CS HIGH
      000065 C6 50 05         [ 1]  183 	ld	a, 0x5005
      000068 AA 10            [ 1]  184 	or	a, #0x10
      00006A C7 50 05         [ 1]  185 	ld	0x5005, a
                                    186 ;	grav.c: 48: }
      00006D 85               [ 2]  187 	popw	x
      00006E 84               [ 1]  188 	pop	a
      00006F FC               [ 2]  189 	jp	(x)
                                    190 ;	grav.c: 50: void main(void) {
                                    191 ;	-----------------------------------------
                                    192 ;	 function main
                                    193 ;	-----------------------------------------
      000070                        194 _main:
      000070 88               [ 1]  195 	push	a
                                    196 ;	grav.c: 52: CLK_PCKENR1 |= (1 << 4);
      000071 72 18 50 C7      [ 1]  197 	bset	0x50c7, #4
                                    198 ;	grav.c: 55: PA_DDR |= (1 << 3);
      000075 72 16 50 02      [ 1]  199 	bset	0x5002, #3
                                    200 ;	grav.c: 56: PA_CR1 |= (1 << 3);
      000079 72 16 50 03      [ 1]  201 	bset	0x5003, #3
                                    202 ;	grav.c: 60: PB_DDR |= (1 << 4) | (1 << 5) | (1 << 6);
      00007D C6 50 07         [ 1]  203 	ld	a, 0x5007
      000080 AA 70            [ 1]  204 	or	a, #0x70
      000082 C7 50 07         [ 1]  205 	ld	0x5007, a
                                    206 ;	grav.c: 61: PB_CR1 |= (1 << 4) | (1 << 5) | (1 << 6);
      000085 C6 50 08         [ 1]  207 	ld	a, 0x5008
      000088 AA 70            [ 1]  208 	or	a, #0x70
      00008A C7 50 08         [ 1]  209 	ld	0x5008, a
                                    210 ;	grav.c: 62: PB_ODR |= (1 << 4); // CS High
      00008D 72 18 50 05      [ 1]  211 	bset	0x5005, #4
                                    212 ;	grav.c: 67: SPI1_CR1 = (1 << 2) | (0x04 << 3) | (1 << 6);
      000091 35 64 52 00      [ 1]  213 	mov	0x5200+0, #0x64
                                    214 ;	grav.c: 68: SPI1_CR2 = (1 << 1) | (1 << 0); // SSM = 1, SSI = 1
      000095 35 03 52 01      [ 1]  215 	mov	0x5201+0, #0x03
                                    216 ;	grav.c: 70: delay(200000); // Wait for sensor to wake up (~20ms)
      000099 4B 40            [ 1]  217 	push	#0x40
      00009B 4B 0D            [ 1]  218 	push	#0x0d
      00009D 4B 03            [ 1]  219 	push	#0x03
      00009F 4B 00            [ 1]  220 	push	#0x00
      0000A1 CDr00r00         [ 4]  221 	call	_delay
                                    222 ;	grav.c: 75: write_reg(LIS2_CTRL1, 0x44);
      0000A4 4B 44            [ 1]  223 	push	#0x44
      0000A6 A6 20            [ 1]  224 	ld	a, #0x20
      0000A8 CDr00r55         [ 4]  225 	call	_write_reg
                                    226 ;	grav.c: 77: while (1) {
      0000AB                        227 00106$:
                                    228 ;	grav.c: 79: uint8_t temp = read_reg(LIS2_OUT_T_H);
      0000AB A6 27            [ 1]  229 	ld	a, #0x27
      0000AD CDr00r3F         [ 4]  230 	call	_read_reg
      0000B0 6B 01            [ 1]  231 	ld	(0x01, sp), a
      0000B2 97               [ 1]  232 	ld	xl, a
                                    233 ;	grav.c: 84: PA_ODR |= (1 << 3);  // Success!
      0000B3 C6 50 00         [ 1]  234 	ld	a, 0x5000
                                    235 ;	grav.c: 83: if (temp != 0x00 && temp != 0xFF) {
      0000B6 0D 01            [ 1]  236 	tnz	(0x01, sp)
      0000B8 27 0D            [ 1]  237 	jreq	00102$
      0000BA 88               [ 1]  238 	push	a
      0000BB 9F               [ 1]  239 	ld	a, xl
      0000BC 4C               [ 1]  240 	inc	a
      0000BD 84               [ 1]  241 	pop	a
      0000BE 27 07            [ 1]  242 	jreq	00102$
                                    243 ;	grav.c: 84: PA_ODR |= (1 << 3);  // Success!
      0000C0 AA 08            [ 1]  244 	or	a, #0x08
      0000C2 C7 50 00         [ 1]  245 	ld	0x5000, a
      0000C5 20 05            [ 2]  246 	jra	00103$
      0000C7                        247 00102$:
                                    248 ;	grav.c: 86: PA_ODR &= ~(1 << 3); // Fail
      0000C7 A4 F7            [ 1]  249 	and	a, #0xf7
      0000C9 C7 50 00         [ 1]  250 	ld	0x5000, a
      0000CC                        251 00103$:
                                    252 ;	grav.c: 89: delay(100000);
      0000CC 4B A0            [ 1]  253 	push	#0xa0
      0000CE 4B 86            [ 1]  254 	push	#0x86
      0000D0 4B 01            [ 1]  255 	push	#0x01
      0000D2 4B 00            [ 1]  256 	push	#0x00
      0000D4 CDr00r00         [ 4]  257 	call	_delay
      0000D7 20 D2            [ 2]  258 	jra	00106$
                                    259 ;	grav.c: 91: }
      0000D9 84               [ 1]  260 	pop	a
      0000DA 81               [ 4]  261 	ret
                                    262 	.area CODE
                                    263 	.area CONST
                                    264 	.area INITIALIZER
                                    265 	.area CABS (ABS)
